X alignment_0001_aln_216_234 maxcovar 1 0.000001 0.2
X alignment_0001_aln_397_512 maxcovar 3 0.000021 0.2
X alignment_0001_aln_458_566 maxcovar 2 0.000001 1.1
X alignment_0001_aln_466_556 maxcovar 2 0.000002 1.0
X alignment_0001_aln_475_524 maxcovar 2 0.000000 1.2
X alignment_0001_aln_476_549 maxcovar 2 0.000000 1.4
X alignment_0001_aln_482_528 maxcovar 2 0.000000 0.8
X alignment_0001_aln_494_527 maxcovar 2 0.000000 0.5
X alignment_0001_aln_498_514 maxcovar 2 0.000000 -2.1
X alignment_0001_aln_507_604 maxcovar 2 0.000085 0.2
X alignment_0001_aln_517_530 maxcovar 1 0.019246 -0.4
X alignment_0001_aln_522_530 maxcovar 1 0.000000 0.3
X alignment_0001_aln_527_637 maxcovar 2 0.000144 -1.1
X alignment_0001_aln_534_639 maxcovar 2 0.000627 -1.6
X alignment_0001_aln_546_612 maxcovar 2 0.000764 -1.1
X alignment_0001_aln_592_603 maxcovar 1 0.991113 -11.1
X alignment_0001_aln_599_628 maxcovar 1 0.420291 -2.9
X alignment_0001_aln_607_628 maxcovar 2 0.965686 -2.8
X alignment_0001_aln_609_627 maxcovar 2 0.903174 -3.3
X alignment_0001_aln_618_636 maxcovar 2 0.000860 -2.5
X alignment_0001_aln_620_725 maxcovar 2 0.000308 -0.3
X alignment_0001_aln_621_639 maxcovar 2 0.000013 0.5
X alignment_0001_aln_623_710 maxcovar 3 0.000103 0.2
X alignment_0001_aln_650_712 maxcovar 2 0.000081 -0.3
X alignment_0001_aln_662_762 maxcovar 2 0.000065 -0.4
X alignment_0001_aln_670_719 maxcovar 2 0.000001 0.1
X alignment_0001_aln_697_713 maxcovar 2 0.005532 -0.2
X alignment_0001_aln_700_711 maxcovar 2 0.946315 -0.6
X alignment_0001_aln_705_809 maxcovar 2 0.000004 0.1
X alignment_0001_aln_745_849 maxcovar 3 0.000039 -0.4
X alignment_0001_aln_757_849 maxcovar 3 0.000116 -0.5
X alignment_0001_aln_766_788 maxcovar 2 0.001708 -0.5
X alignment_0001_aln_771_809 maxcovar 2 0.000026 0.7
X alignment_0001_aln_776_829 maxcovar 2 0.032034 -0.8
X alignment_0001_aln_780_822 maxcovar 2 0.000003 0.5
X alignment_0001_aln_783_799 maxcovar 2 0.002832 0.4
X alignment_0001_aln_803_909 maxcovar 3 0.000040 -0.0
X alignment_0001_aln_826_867 maxcovar 2 0.000021 -0.3
X alignment_0001_aln_827_867 maxcovar 2 0.000031 -0.3
X alignment_0001_aln_840_945 maxcovar 2 0.000044 0.6
X alignment_0001_aln_844_908 maxcovar 3 0.000008 0.1
X alignment_0001_aln_849_876 maxcovar 2 0.005446 -1.9
X alignment_0001_aln_860_908 maxcovar 3 0.000021 0.3
X alignment_0001_aln_873_917 maxcovar 2 0.007170 -0.3
X alignment_0001_aln_875_909 maxcovar 2 0.000115 0.7
X alignment_0001_aln_878_941 maxcovar 2 0.000006 1.4
X alignment_0001_aln_881_903 maxcovar 1 0.000000 0.7
X alignment_0001_aln_885_902 maxcovar 1 0.000000 0.3
X alignment_0001_aln_94_196 maxcovar 3 0.009842 -2.4
X alignment_0001_aln_967_983 maxcovar 2 0.000000 0.2
X alignment_0001_aln_97_179 maxcovar 3 0.000690 -1.8
X alignment_0001 maxcovar 1 0.000000 9999
