X alignment_0001_aln_1002_1023 maxcovar 2 0.040036 -0.6
X alignment_0001_aln_1003_1049 maxcovar 2 0.008465 0.3
X alignment_0001_aln_1005_1125 maxcovar 2 0.000645 0.5
X alignment_0001_aln_1006_1023 maxcovar 2 0.000000 0.3
X alignment_0001_aln_1007_1128 maxcovar 2 0.000527 0.1
X alignment_0001_aln_1018_1068 maxcovar 2 0.000498 0.5
X alignment_0001_aln_1027_1043 maxcovar 1 0.924991 -0.8
X alignment_0001_aln_1031_1123 maxcovar 2 0.002815 0.0
X alignment_0001_aln_1033_1069 maxcovar 1 0.000000 1.7
X alignment_0001_aln_1035_1156 maxcovar 2 0.000032 1.3
X alignment_0001_aln_1055_1071 maxcovar 1 0.000000 0.2
X alignment_0001_aln_1056_1110 maxcovar 1 0.038129 -1.0
X alignment_0001_aln_1064_1072 maxcovar 0 0.000000 0.1
X alignment_0001_aln_1068_1085 maxcovar 1 0.000004 -1.4
X alignment_0001_aln_1080_1102 maxcovar 1 0.917732 -1.2
X alignment_0001_aln_1084_1192 maxcovar 3 0.007553 -0.1
X alignment_0001_aln_1086_1188 maxcovar 3 0.000323 0.5
X alignment_0001_aln_1087_1199 maxcovar 2 0.000027 0.8
X alignment_0001_aln_1088_1185 maxcovar 3 0.000882 -0.0
X alignment_0001_aln_1094_1196 maxcovar 3 0.000103 0.9
X alignment_0001_aln_1103_1224 maxcovar 3 0.009402 -1.1
X alignment_0001_aln_1105_1202 maxcovar 2 0.000005 0.8
X alignment_0001_aln_1108_1196 maxcovar 2 0.000006 0.9
X alignment_0001_aln_1109_1194 maxcovar 2 0.000019 0.5
X alignment_0001_aln_1112_1128 maxcovar 2 0.000838 0.2
X alignment_0001_aln_1113_1182 maxcovar 3 0.000249 0.0
X alignment_0001_aln_1121_1196 maxcovar 2 0.000341 -0.0
X alignment_0001_aln_1131_1200 maxcovar 3 0.001328 -0.2
X alignment_0001_aln_1132_1175 maxcovar 2 0.098794 -0.9
X alignment_0001_aln_1138_1187 maxcovar 2 0.000299 -0.1
X alignment_0001_aln_1165_1191 maxcovar 1 0.000610 -0.3
X alignment_0001_aln_1171_1269 maxcovar 2 0.000010 -0.5
X alignment_0001_aln_1181_1284 maxcovar 2 0.000066 1.0
X alignment_0001_aln_1182_1284 maxcovar 2 0.000070 1.0
X alignment_0001_aln_1190_1280 maxcovar 2 0.000281 0.3
X alignment_0001_aln_1191_1282 maxcovar 2 0.000227 0.3
X alignment_0001_aln_1204_1232 maxcovar 1 0.240581 0.1
X alignment_0001_aln_1231_1352 maxcovar 2 0.000124 -0.4
X alignment_0001_aln_1237_1252 maxcovar 1 0.756780 -4.4
X alignment_0001_aln_1243_1343 maxcovar 2 0.000007 -0.0
X alignment_0001_aln_1248_1358 maxcovar 2 0.000012 -0.2
X alignment_0001_aln_1249_1336 maxcovar 2 0.000164 -0.4
X alignment_0001_aln_1269_1385 maxcovar 2 0.000000 0.4
X alignment_0001_aln_1276_1397 maxcovar 3 0.000003 0.2
X alignment_0001_aln_1285_1369 maxcovar 1 0.000031 -0.7
X alignment_0001_aln_1355_1373 maxcovar 1 0.000000 -1.8
X alignment_0001_aln_1399_1453 maxcovar 2 0.000168 0.4
X alignment_0001_aln_476_517 maxcovar 1 0.000048 -3.4
X alignment_0001_aln_484_577 maxcovar 2 0.012319 -1.8
X alignment_0001_aln_511_578 maxcovar 2 0.010815 -2.8
X alignment_0001_aln_513_572 maxcovar 2 0.015393 -1.2
X alignment_0001_aln_518_572 maxcovar 2 0.000038 -3.2
X alignment_0001_aln_526_622 maxcovar 3 0.022699 -1.2
X alignment_0001_aln_569_597 maxcovar 2 0.054017 -3.7
X alignment_0001_aln_572_606 maxcovar 2 0.508948 -3.1
X alignment_0001_aln_574_685 maxcovar 2 0.000889 -3.2
X alignment_0001_aln_592_713 maxcovar 2 0.001075 -1.8
X alignment_0001_aln_634_651 maxcovar 2 0.091662 -0.3
X alignment_0001_aln_636_659 maxcovar 1 0.165424 -3.7
X alignment_0001_aln_654_772 maxcovar 2 0.003263 -1.4
X alignment_0001_aln_702_777 maxcovar 2 0.000328 0.6
X alignment_0001_aln_704_745 maxcovar 2 0.000027 -0.7
X alignment_0001_aln_729_795 maxcovar 2 0.012122 -0.2
X alignment_0001_aln_732_778 maxcovar 2 0.000179 0.1
X alignment_0001_aln_733_790 maxcovar 2 0.000322 -0.1
X alignment_0001_aln_737_854 maxcovar 2 0.107052 -0.6
X alignment_0001_aln_742_792 maxcovar 2 0.000162 0.2
X alignment_0001_aln_756_790 maxcovar 2 0.000001 0.7
X alignment_0001_aln_760_857 maxcovar 2 0.434700 -0.6
X alignment_0001_aln_786_847 maxcovar 2 0.880083 -1.6
X alignment_0001_aln_791_910 maxcovar 2 0.009793 0.0
X alignment_0001_aln_794_815 maxcovar 2 0.899802 -2.9
X alignment_0001_aln_795_880 maxcovar 2 0.000368 -0.0
X alignment_0001_aln_797_812 maxcovar 2 0.979867 -1.4
X alignment_0001_aln_799_913 maxcovar 2 0.000041 1.2
X alignment_0001_aln_800_910 maxcovar 2 0.000028 1.4
X alignment_0001_aln_836_956 maxcovar 1 0.000342 0.4
X alignment_0001_aln_843_954 maxcovar 2 0.000072 0.4
X alignment_0001_aln_849_949 maxcovar 2 0.000471 -0.3
X alignment_0001_aln_857_938 maxcovar 1 0.002193 0.1
X alignment_0001_aln_866_901 maxcovar 1 0.000288 1.0
X alignment_0001_aln_868_954 maxcovar 2 0.000916 0.6
X alignment_0001_aln_873_929 maxcovar 1 0.000483 -0.4
X alignment_0001_aln_874_886 maxcovar 1 0.581212 -1.0
X alignment_0001_aln_876_912 maxcovar 1 0.010232 -0.0
X alignment_0001_aln_883_999 maxcovar 2 0.000093 -0.7
X alignment_0001_aln_914_1013 maxcovar 2 0.000141 -0.8
X alignment_0001_aln_916_928 maxcovar 1 0.336561 -3.3
X alignment_0001_aln_925_936 maxcovar 1 0.824458 -9.1
X alignment_0001_aln_929_964 maxcovar 1 0.562097 -1.9
X alignment_0001_aln_940_961 maxcovar 1 0.521700 -1.4
X alignment_0001_aln_941_1049 maxcovar 2 0.000014 0.5
X alignment_0001_aln_942_1045 maxcovar 2 0.000018 0.7
X alignment_0001_aln_953_1073 maxcovar 2 0.000008 0.4
X alignment_0001_aln_955_1012 maxcovar 2 0.000090 -0.0
X alignment_0001_aln_956_1059 maxcovar 2 0.000363 0.3
X alignment_0001_aln_957_969 maxcovar 2 0.347415 -7.3
X alignment_0001_aln_966_983 maxcovar 2 0.000537 -1.3
X alignment_0001_aln_969_1013 maxcovar 2 0.000035 -0.8
X alignment_0001_aln_998_1118 maxcovar 2 0.000984 -0.3
