X alignment_0001_aln_1015_1031 maxcovar 2 0.000001 0.1
X alignment_0001_aln_112_129 maxcovar 0 -1 -1.2
X alignment_0001_aln_389_414 maxcovar 0 -1 0.5
X alignment_0001_aln_400_451 maxcovar 0 -1 -1.9
X alignment_0001_aln_403_445 maxcovar 0 -1 -1.5
X alignment_0001_aln_429_474 maxcovar 0 -1 0.4
X alignment_0001_aln_458_571 maxcovar 0 -1 0.7
X alignment_0001_aln_464_498 maxcovar 0 -1 0.4
X alignment_0001_aln_582_619 maxcovar 0 -1 -0.2
X alignment_0001_aln_585_695 maxcovar 0 -1 0.3
X alignment_0001_aln_591_606 maxcovar 0 -1 -2.5
X alignment_0001_aln_592_687 maxcovar 0 -1 0.4
X alignment_0001_aln_643_681 maxcovar 0 -1 -0.3
X alignment_0001_aln_653_717 maxcovar 0 -1 -0.9
X alignment_0001_aln_656_677 maxcovar 0 -1 -1.9
X alignment_0001_aln_662_717 maxcovar 0 -1 -0.7
X alignment_0001_aln_665_755 maxcovar 0 -1 0.5
X alignment_0001_aln_669_707 maxcovar 0 -1 -0.8
X alignment_0001_aln_672_726 maxcovar 0 -1 -0.3
X alignment_0001_aln_675_721 maxcovar 0 -1 -0.9
X alignment_0001_aln_704_717 maxcovar 0 -1  ------------------------------------------------------------------
X alignment_0001_aln_715_754 maxcovar 0 -1 0.1
X alignment_0001_aln_737_845 maxcovar 0 0.000111 1.2
X alignment_0001_aln_756_772 maxcovar 0 -1 0.3
X alignment_0001_aln_757_832 maxcovar 0 0.008712 0.7
X alignment_0001_aln_763_835 maxcovar 0 0.000517 1.0
X alignment_0001_aln_772_823 maxcovar 0 -1 0.4
X alignment_0001_aln_813_846 maxcovar 2 0.000028 1.2
X alignment_0001_aln_819_933 maxcovar 2 0.000003 0.4
X alignment_0001_aln_820_933 maxcovar 2 0.000004 0.3
X alignment_0001_aln_821_910 maxcovar 2 0.000005 -0.1
X alignment_0001_aln_823_841 maxcovar 2 0.000000 0.6
X alignment_0001_aln_831_919 maxcovar 2 0.000007 -0.2
X alignment_0001_aln_834_893 maxcovar 2 0.000013 -1.3
X alignment_0001_aln_840_921 maxcovar 3 0.003260 -1.5
X alignment_0001_aln_843_914 maxcovar 2 0.000041 -1.9
X alignment_0001_aln_846_881 maxcovar 0 0.010732 -2.1
X alignment_0001_aln_853_880 maxcovar 0 -1 0.1
X alignment_0001_aln_855_878 maxcovar 0 -1 0.5
X alignment_0001_aln_867_920 maxcovar 2 0.000004 -1.3
X alignment_0001_aln_869_917 maxcovar 2 0.000002 0.5
X alignment_0001_aln_877_921 maxcovar 2 0.000023 -1.3
X alignment_0001_aln_888_1008 maxcovar 3 0.000000 0.5
X alignment_0001_aln_899_976 maxcovar 3 0.000000 0.3
X alignment_0001_aln_913_951 maxcovar 1 0.000000 1.0
X alignment_0001_aln_916_1029 maxcovar 3 0.000000 1.1
X alignment_0001_aln_922_1031 maxcovar 3 0.000000 0.8
X alignment_0001_aln_923_1032 maxcovar 3 0.000000 0.8
X alignment_0001_aln_925_1028 maxcovar 3 0.000000 1.2
X alignment_0001_aln_926_1028 maxcovar 3 0.000000 1.1
X alignment_0001_aln_927_1030 maxcovar 3 0.000000 1.2
X alignment_0001_aln_934_1016 maxcovar 3 0.000005 0.0
X alignment_0001_aln_935_1019 maxcovar 3 0.000004 0.2
X alignment_0001_aln_962_1003 maxcovar 3 0.000175 -1.2
X alignment_0001_aln_965_998 maxcovar 3 0.004317 -2.0
X alignment_0001_aln_966_1069 maxcovar 3 0.000004 0.5
X alignment_0001_aln_968_1071 maxcovar 3 0.000002 0.5
X alignment_0001_aln_972_992 maxcovar 2 0.004773 -2.1
X alignment_0001_aln_977_1032 maxcovar 2 0.000006 1.0
