X alignment_0001_aln_1045_1088 maxcovar 2 0.000003 0.7
X alignment_0001_aln_193_221 maxcovar 0 -1 -1.3
X alignment_0001_aln_258_377 maxcovar 0 0.001650 1.0
X alignment_0001_aln_264_304 maxcovar 0 -1 -0.6
X alignment_0001_aln_273_365 maxcovar 0 0.004871 1.1
X alignment_0001_aln_291_397 maxcovar 0 0.001242 1.3
X alignment_0001_aln_312_377 maxcovar 0 0.000618 0.8
X alignment_0001_aln_345_406 maxcovar 2 0.118121 1.1
X alignment_0001_aln_350_394 maxcovar 2 0.033310 0.7
X alignment_0001_aln_353_374 maxcovar 0 0.748976 -0.4
X alignment_0001_aln_354_379 maxcovar 0 0.147560 0.1
X alignment_0001_aln_356_371 maxcovar 0 0.669040 -0.0
X alignment_0001_aln_366_403 maxcovar 2 0.000000 0.7
X alignment_0001_aln_400_510 maxcovar 2 0.002041 -0.8
X alignment_0001_aln_408_509 maxcovar 2 0.000003 0.6
X alignment_0001_aln_414_504 maxcovar 2 0.000002 0.9
X alignment_0001_aln_416_505 maxcovar 2 0.000002 1.0
X alignment_0001_aln_418_437 maxcovar 2 0.902747 -1.8
X alignment_0001_aln_425_492 maxcovar 1 0.000000 0.1
X alignment_0001_aln_435_527 maxcovar 2 0.000094 0.1
X alignment_0001_aln_442_561 maxcovar 2 0.000082 -0.3
X alignment_0001_aln_449_533 maxcovar 2 0.000481 -0.5
X alignment_0001_aln_492_523 maxcovar 2 0.017986 -1.0
X alignment_0001_aln_501_608 maxcovar 2 0.000008 0.7
X alignment_0001_aln_517_594 maxcovar 2 0.000269 -0.4
X alignment_0001_aln_518_532 maxcovar 2 0.617923 -2.6
X alignment_0001_aln_527_585 maxcovar 2 0.000022 -0.4
X alignment_0001_aln_560_680 maxcovar 2 0.464552 -2.0
X alignment_0001_aln_564_585 maxcovar 2 0.000000 -0.1
X alignment_0001_aln_567_687 maxcovar 2 0.162154 -1.2
X alignment_0001_aln_577_682 maxcovar 2 0.814131 -1.2
X alignment_0001_aln_588_697 maxcovar 2 0.483428 -2.1
X alignment_0001_aln_598_717 maxcovar 2 0.222126 -0.6
X alignment_0001_aln_602_716 maxcovar 2 0.006736 -0.4
X alignment_0001_aln_62_150 maxcovar 0 0.538358 -2.1
X alignment_0001_aln_630_647 maxcovar 0 -1  ------------------------------------------------------------------
X alignment_0001_aln_64_158 maxcovar 0 0.475937 -1.9
X alignment_0001_aln_642_664 maxcovar 0 -1 -3.5
X alignment_0001_aln_644_756 maxcovar 2 0.034052 0.6
X alignment_0001_aln_656_758 maxcovar 2 0.008168 0.5
X alignment_0001_aln_658_719 maxcovar 2 0.000006 1.0
X alignment_0001_aln_659_770 maxcovar 2 0.011150 0.4
X alignment_0001_aln_697_799 maxcovar 0 0.005195 1.3
X alignment_0001_aln_699_716 maxcovar 0 -1 0.3
X alignment_0001_aln_700_749 maxcovar 0 -1 -0.0
X alignment_0001_aln_703_797 maxcovar 0 -1 1.5
X alignment_0001_aln_712_735 maxcovar 0 -1 -0.5
X alignment_0001_aln_715_731 maxcovar 0 -1 -2.4
X alignment_0001_aln_727_753 maxcovar 0 -1 -0.3
X alignment_0001_aln_73_136 maxcovar 0 -1 -3.1
X alignment_0001_aln_733_831 maxcovar 0 -1 0.7
X alignment_0001_aln_740_809 maxcovar 0 -1 0.4
X alignment_0001_aln_748_842 maxcovar 0 -1 0.4
X alignment_0001_aln_750_815 maxcovar 0 -1 0.7
X alignment_0001_aln_751_840 maxcovar 0 -1 0.3
X alignment_0001_aln_757_810 maxcovar 0 -1 -0.2
X alignment_0001_aln_764_824 maxcovar 0 -1 -0.8
X alignment_0001_aln_765_802 maxcovar 0 -1 -0.2
X alignment_0001_aln_766_823 maxcovar 0 -1 -0.5
X alignment_0001_aln_772_789 maxcovar 0 -1 0.1
X alignment_0001_aln_784_820 maxcovar 0 -1 -4.2
X alignment_0001_aln_799_814 maxcovar 0 -1 0.1
X alignment_0001_aln_813_867 maxcovar 0 0.000756 0.4
X alignment_0001_aln_92_145 maxcovar 0 -1 0.3
X alignment_0001_aln_962_1016 maxcovar 2 0.000035 -0.2
X alignment_0001_aln_975_1076 maxcovar 2 0.000000 0.4
X alignment_0001_aln_992_1049 maxcovar 1 0.000000 -0.7
